<?xml version="1.0" encoding="UTF-8"?>
<!-- Generated by org.testng.reporters.JUnitXMLReporter -->
<testsuite ignored="0" hostname="EPINHYDW031C" failures="1" tests="1" name="Cucumber Tests - Batch 2" time="12.742" errors="0" timestamp="2024-06-21T09:26:00 IST">
  <testcase classname="io.cucumber.testng.AbstractTestNGCucumberTests" name="runScenario" time="12.681">
    <failure type="java.lang.AssertionError" message="expected [true] but found [false]">
      <![CDATA[java.lang.AssertionError: expected [true] but found [false]
at steps.SignInOut.the_user_should_see_the_login_page(SignInOut.java:82)
at steps.SignInOut.the_user_enters_credentials_from_the_excel_file(SignInOut.java:50)
at ✽.the user enters credentials from the excel file(file:///C:/Users/pushpanjali_g/eclipse-workspace/Test_Automation_Project/src/test/resources/features/batch2/SignInOutScenario2.feature:5)
... Removed 4 stack frames]]>
    </failure>
  </testcase> <!-- runScenario -->
</testsuite> <!-- Cucumber Tests - Batch 2 -->
