<?xml version="1.0" encoding="UTF-8"?>
<testng-results ignored="0" total="1" passed="1" failed="0" skipped="0">
  <reporter-output>
  </reporter-output>
  <suite started-at="2024-07-05T13:41:05 IST" name="Surefire suite" finished-at="2024-07-05T13:41:05 IST" duration-ms="33">
    <groups>
    </groups>
    <test started-at="2024-07-05T13:41:05 IST" name="Surefire test" finished-at="2024-07-05T13:41:05 IST" duration-ms="33">
      <class name="com.example.AppTest">
        <test-method signature="testAdd()[pri:0, instance:com.example.AppTest@58c1c010]" started-at="2024-07-05T13:41:05 IST" name="testAdd" finished-at="2024-07-05T13:41:05 IST" duration-ms="11" status="PASS">
          <reporter-output>
          </reporter-output>
        </test-method> <!-- testAdd -->
      </class> <!-- com.example.AppTest -->
    </test> <!-- Surefire test -->
  </suite> <!-- Surefire suite -->
</testng-results>
