<?xml version="1.0" encoding="UTF-8"?>
<testng-results ignored="0" total="1" passed="1" failed="0" skipped="0">
  <reporter-output>
  </reporter-output>
  <suite started-at="2024-07-05T00:40:14 IST" name="Surefire suite" finished-at="2024-07-05T00:40:14 IST" duration-ms="39">
    <groups>
    </groups>
    <test started-at="2024-07-05T00:40:14 IST" name="Surefire test" finished-at="2024-07-05T00:40:14 IST" duration-ms="39">
      <class name="com.example.AppTest">
        <test-method signature="testAdd()[pri:0, instance:com.example.AppTest@12d2ce03]" started-at="2024-07-05T00:40:14 IST" name="testAdd" finished-at="2024-07-05T00:40:14 IST" duration-ms="14" status="PASS">
          <reporter-output>
          </reporter-output>
        </test-method> <!-- testAdd -->
      </class> <!-- com.example.AppTest -->
    </test> <!-- Surefire test -->
  </suite> <!-- Surefire suite -->
</testng-results>
